<?xml version="1.0" encoding="UTF-8"?>
<!-- Generated by org.testng.reporters.JUnitXMLReporter -->
<testsuite ignored="0" hostname="DESKTOP-I50C56H" failures="0" tests="4" name="PhoneManagement" time="66.85" errors="0" timestamp="2023-01-19T17:08:55 GST">
  <testcase classname="com.testscenarios.PhoneLogin" name="f" time="5.513"/>
  <testcase classname="com.testscenarios.PhoneNode" name="f" time="9.171"/>
  <testcase classname="com.testscenarios.PhoneExtension" name="f" time="15.467"/>
  <testcase classname="com.testscenarios.PhonePlatform" name="f" time="9.789"/>
</testsuite> <!-- PhoneManagement -->
